[2025/03/04 22:09:33] cedar.utils.logger WARNING: Initialize logger
[2025/03/04 22:09:33] cedar.utils.logger INFO: 启动快捷回答
[2025/03/04 22:09:33] cedar.utils.logger INFO: ['/Users/zhangsong/workspace/OpenSource/cedar-mac/pomodoro/test1.py']
[2025/03/04 22:09:33] cedar.utils.logger INFO: 监听已启动 (按 esc 退出)
[2025/03/04 22:09:40] cedar.utils.logger INFO: 检测到热键触发
[2025/03/04 22:09:41] cedar.utils.logger INFO: 用户输入: 用户输入: 小米su7咋样？
[2025/03/04 22:09:42] cedar.utils.logger INFO: 用户
[2025/03/04 22:09:42] cedar.utils.logger INFO: 询问
[2025/03/04 22:09:42] cedar.utils.logger INFO: 的是
[2025/03/04 22:09:42] cedar.utils.logger INFO: 小米
[2025/03/04 22:09:42] cedar.utils.logger INFO: su
[2025/03/04 22:09:42] cedar.utils.logger INFO: 7
[2025/03/04 22:09:42] cedar.utils.logger INFO: 的性能
[2025/03/04 22:09:42] cedar.utils.logger INFO: 如何
[2025/03/04 22:09:42] cedar.utils.logger INFO: 。


[2025/03/04 22:09:42] cedar.utils.logger INFO: 小米
[2025/03/04 22:09:42] cedar.utils.logger INFO: su
[2025/03/04 22:09:42] cedar.utils.logger INFO: 7
[2025/03/04 22:09:42] cedar.utils.logger INFO: 是
[2025/03/04 22:09:42] cedar.utils.logger INFO: 小米
[2025/03/04 22:09:42] cedar.utils.logger INFO: 公司
[2025/03/04 22:09:42] cedar.utils.logger INFO: 推出的
[2025/03/04 22:09:42] cedar.utils.logger INFO: 一款
[2025/03/04 22:09:42] cedar.utils.logger INFO: 手机
[2025/03/04 22:09:42] cedar.utils.logger INFO: ，
[2025/03/04 22:09:43] cedar.utils.logger INFO: 整体
[2025/03/04 22:09:43] cedar.utils.logger INFO: 性能
[2025/03/04 22:09:43] cedar.utils.logger INFO: 表现
[2025/03/04 22:09:43] cedar.utils.logger INFO: 不错
[2025/03/04 22:09:43] cedar.utils.logger INFO: ：


[2025/03/04 22:09:43] cedar.utils.logger INFO: 1
[2025/03/04 22:09:43] cedar.utils.logger INFO: .
[2025/03/04 22:09:43] cedar.utils.logger INFO:  
[2025/03/04 22:09:43] cedar.utils.logger INFO: 搭载
[2025/03/04 22:09:43] cedar.utils.logger INFO: 高通
[2025/03/04 22:09:43] cedar.utils.logger INFO: 骁龙
[2025/03/04 22:09:43] cedar.utils.logger INFO: 870
[2025/03/04 22:09:43] cedar.utils.logger INFO: 处理器
[2025/03/04 22:09:43] cedar.utils.logger INFO: ，
[2025/03/04 22:09:44] cedar.utils.logger INFO: 性能
[2025/03/04 22:09:44] cedar.utils.logger INFO: 强劲
[2025/03/04 22:09:44] cedar.utils.logger INFO: ，
[2025/03/04 22:09:44] cedar.utils.logger INFO: 日常
[2025/03/04 22:09:44] cedar.utils.logger INFO: 使用
[2025/03/04 22:09:44] cedar.utils.logger INFO: 和
[2025/03/04 22:09:44] cedar.utils.logger INFO: 游戏
[2025/03/04 22:09:44] cedar.utils.logger INFO: 都能
[2025/03/04 22:09:44] cedar.utils.logger INFO: 满足
[2025/03/04 22:09:44] cedar.utils.logger INFO: 需求
[2025/03/04 22:09:44] cedar.utils.logger INFO: 。


[2025/03/04 22:09:45] cedar.utils.logger INFO: 2
[2025/03/04 22:09:45] cedar.utils.logger INFO: .
[2025/03/04 22:09:45] cedar.utils.logger INFO:  
[2025/03/04 22:09:45] cedar.utils.logger INFO: 配备
[2025/03/04 22:09:45] cedar.utils.logger INFO: 120
[2025/03/04 22:09:45] cedar.utils.logger INFO: Hz
[2025/03/04 22:09:45] cedar.utils.logger INFO: 高
[2025/03/04 22:09:45] cedar.utils.logger INFO: 刷新
[2025/03/04 22:09:45] cedar.utils.logger INFO: 率
[2025/03/04 22:09:45] cedar.utils.logger INFO: 屏幕
[2025/03/04 22:09:45] cedar.utils.logger INFO: ，
[2025/03/04 22:09:45] cedar.utils.logger INFO: 显示
[2025/03/04 22:09:45] cedar.utils.logger INFO: 流畅
[2025/03/04 22:09:45] cedar.utils.logger INFO: ，
[2025/03/04 22:09:45] cedar.utils.logger INFO: 触控
[2025/03/04 22:09:45] cedar.utils.logger INFO: 响应
[2025/03/04 22:09:45] cedar.utils.logger INFO: 迅速
[2025/03/04 22:09:45] cedar.utils.logger INFO: 。


[2025/03/04 22:09:45] cedar.utils.logger INFO: 3
[2025/03/04 22:09:45] cedar.utils.logger INFO: .
[2025/03/04 22:09:45] cedar.utils.logger INFO:  
[2025/03/04 22:09:46] cedar.utils.logger INFO: 后置
[2025/03/04 22:09:46] cedar.utils.logger INFO: 1
[2025/03/04 22:09:46] cedar.utils.logger INFO: 亿
[2025/03/04 22:09:46] cedar.utils.logger INFO: 像素
[2025/03/04 22:09:46] cedar.utils.logger INFO: 主
[2025/03/04 22:09:46] cedar.utils.logger INFO: 摄
[2025/03/04 22:09:46] cedar.utils.logger INFO: ，
[2025/03/04 22:09:46] cedar.utils.logger INFO: 拍照
[2025/03/04 22:09:46] cedar.utils.logger INFO: 效果
[2025/03/04 22:09:46] cedar.utils.logger INFO: 出色
[2025/03/04 22:09:46] cedar.utils.logger INFO: ，
[2025/03/04 22:09:47] cedar.utils.logger INFO: 支持
[2025/03/04 22:09:47] cedar.utils.logger INFO: 8
[2025/03/04 22:09:47] cedar.utils.logger INFO: K
[2025/03/04 22:09:47] cedar.utils.logger INFO: 视频
[2025/03/04 22:09:47] cedar.utils.logger INFO: 录制
[2025/03/04 22:09:47] cedar.utils.logger INFO: 。


[2025/03/04 22:09:47] cedar.utils.logger INFO: 4
[2025/03/04 22:09:47] cedar.utils.logger INFO: .
[2025/03/04 22:09:47] cedar.utils.logger INFO:  
[2025/03/04 22:09:47] cedar.utils.logger INFO: 内置
[2025/03/04 22:09:47] cedar.utils.logger INFO: 4
[2025/03/04 22:09:47] cedar.utils.logger INFO: 500
[2025/03/04 22:09:47] cedar.utils.logger INFO: mAh
[2025/03/04 22:09:47] cedar.utils.logger INFO: 大
[2025/03/04 22:09:47] cedar.utils.logger INFO: 电池
[2025/03/04 22:09:47] cedar.utils.logger INFO: ，
[2025/03/04 22:09:48] cedar.utils.logger INFO: 支持
[2025/03/04 22:09:48] cedar.utils.logger INFO: 3
[2025/03/04 22:09:48] cedar.utils.logger INFO: 3
[2025/03/04 22:09:48] cedar.utils.logger INFO: W
[2025/03/04 22:09:48] cedar.utils.logger INFO: 快充
[2025/03/04 22:09:48] cedar.utils.logger INFO: ，
[2025/03/04 22:09:48] cedar.utils.logger INFO: 续航
[2025/03/04 22:09:48] cedar.utils.logger INFO: 表现
[2025/03/04 22:09:48] cedar.utils.logger INFO: 不错
[2025/03/04 22:09:48] cedar.utils.logger INFO: 。


[2025/03/04 22:09:48] cedar.utils.logger INFO: 5
[2025/03/04 22:09:48] cedar.utils.logger INFO: .
[2025/03/04 22:09:48] cedar.utils.logger INFO:  
[2025/03/04 22:09:48] cedar.utils.logger INFO: 运行
[2025/03/04 22:09:48] cedar.utils.logger INFO: MI
[2025/03/04 22:09:48] cedar.utils.logger INFO: UI
[2025/03/04 22:09:48] cedar.utils.logger INFO:  
[2025/03/04 22:09:48] cedar.utils.logger INFO: 12
[2025/03/04 22:09:48] cedar.utils.logger INFO: 系统
[2025/03/04 22:09:48] cedar.utils.logger INFO: ，
[2025/03/04 22:09:49] cedar.utils.logger INFO: 功能
[2025/03/04 22:09:49] cedar.utils.logger INFO: 丰富
[2025/03/04 22:09:49] cedar.utils.logger INFO: ，
[2025/03/04 22:09:49] cedar.utils.logger INFO: 优化
[2025/03/04 22:09:49] cedar.utils.logger INFO: 良好
[2025/03/04 22:09:49] cedar.utils.logger INFO: 。


[2025/03/04 22:09:49] cedar.utils.logger INFO: 总的来说
[2025/03/04 22:09:49] cedar.utils.logger INFO: ，
[2025/03/04 22:09:49] cedar.utils.logger INFO: 小米
[2025/03/04 22:09:49] cedar.utils.logger INFO: su
[2025/03/04 22:09:49] cedar.utils.logger INFO: 7
[2025/03/04 22:09:49] cedar.utils.logger INFO: 是一款
[2025/03/04 22:09:49] cedar.utils.logger INFO: 性价比
[2025/03/04 22:09:49] cedar.utils.logger INFO: 较高的
[2025/03/04 22:09:49] cedar.utils.logger INFO: 手机
[2025/03/04 22:09:49] cedar.utils.logger INFO: ，
[2025/03/04 22:09:50] cedar.utils.logger INFO: 性能
[2025/03/04 22:09:50] cedar.utils.logger INFO: 均衡
[2025/03/04 22:09:50] cedar.utils.logger INFO: ，
[2025/03/04 22:09:50] cedar.utils.logger INFO: 适合
[2025/03/04 22:09:50] cedar.utils.logger INFO: 日常
[2025/03/04 22:09:50] cedar.utils.logger INFO: 使用
[2025/03/04 22:09:50] cedar.utils.logger INFO: 。
[2025/03/04 22:09:50] cedar.utils.logger INFO: 不过
[2025/03/04 22:09:50] cedar.utils.logger INFO: 具体
[2025/03/04 22:09:50] cedar.utils.logger INFO: 是否
[2025/03/04 22:09:50] cedar.utils.logger INFO: 适合
[2025/03/04 22:09:50] cedar.utils.logger INFO: 你
[2025/03/04 22:09:50] cedar.utils.logger INFO: ，
[2025/03/04 22:09:51] cedar.utils.logger INFO: 还要
[2025/03/04 22:09:51] cedar.utils.logger INFO: 根据
[2025/03/04 22:09:51] cedar.utils.logger INFO: 你的
[2025/03/04 22:09:51] cedar.utils.logger INFO: 预算
[2025/03/04 22:09:51] cedar.utils.logger INFO: 和
[2025/03/04 22:09:51] cedar.utils.logger INFO: 需求
[2025/03/04 22:09:51] cedar.utils.logger INFO: 来
[2025/03/04 22:09:51] cedar.utils.logger INFO: 决定
[2025/03/04 22:09:51] cedar.utils.logger INFO: 。
[2025/03/04 22:09:51] cedar.utils.logger INFO: 建议
[2025/03/04 22:09:51] cedar.utils.logger INFO: 可以去
[2025/03/04 22:09:51] cedar.utils.logger INFO: 实体店
[2025/03/04 22:09:51] cedar.utils.logger INFO: 体验
[2025/03/04 22:09:51] cedar.utils.logger INFO: 一下
[2025/03/04 22:09:51] cedar.utils.logger INFO: ，
[2025/03/04 22:09:51] cedar.utils.logger INFO: 再
[2025/03/04 22:09:51] cedar.utils.logger INFO: 做
[2025/03/04 22:09:51] cedar.utils.logger INFO: 决定
[2025/03/04 22:09:51] cedar.utils.logger INFO: 。
[2025/03/04 22:12:14] cedar.utils.logger WARNING: Initialize logger
[2025/03/04 22:12:14] cedar.utils.logger INFO: 启动快捷回答
[2025/03/04 22:12:14] cedar.utils.logger INFO: ['/Users/zhangsong/workspace/OpenSource/cedar-mac/pomodoro/test1.py']
[2025/03/04 22:12:14] cedar.utils.logger INFO: 监听已启动 (按 esc 退出)
[2025/03/04 22:12:19] cedar.utils.logger INFO: 检测到热键触发
[2025/03/04 22:12:19] cedar.utils.logger INFO: 用户输入: 设置换行模式为 NoWrap，避免自动换行
[2025/03/04 22:12:21] cedar.utils.logger INFO: 在
[2025/03/04 22:12:21] cedar.utils.logger INFO: 编程
[2025/03/04 22:12:21] cedar.utils.logger INFO: 中
[2025/03/04 22:12:21] cedar.utils.logger INFO: ，
[2025/03/04 22:12:21] cedar.utils.logger INFO: 设置
[2025/03/04 22:12:21] cedar.utils.logger INFO: 文本
[2025/03/04 22:12:21] cedar.utils.logger INFO: 的
[2025/03/04 22:12:21] cedar.utils.logger INFO: 换
[2025/03/04 22:12:21] cedar.utils.logger INFO: 行
[2025/03/04 22:12:21] cedar.utils.logger INFO: 模式
[2025/03/04 22:12:21] cedar.utils.logger INFO: 为
[2025/03/04 22:12:21] cedar.utils.logger INFO:  No
[2025/03/04 22:12:21] cedar.utils.logger INFO: Wrap
[2025/03/04 22:12:21] cedar.utils.logger INFO:  
[2025/03/04 22:12:21] cedar.utils.logger INFO: 通常
[2025/03/04 22:12:21] cedar.utils.logger INFO: 意味着
[2025/03/04 22:12:21] cedar.utils.logger INFO: 文本
[2025/03/04 22:12:21] cedar.utils.logger INFO: 不会
[2025/03/04 22:12:21] cedar.utils.logger INFO: 自动
[2025/03/04 22:12:21] cedar.utils.logger INFO: 换
[2025/03/04 22:12:21] cedar.utils.logger INFO: 行
[2025/03/04 22:12:21] cedar.utils.logger INFO: ，
[2025/03/04 22:12:21] cedar.utils.logger INFO: 而是
[2025/03/04 22:12:21] cedar.utils.logger INFO: 会
[2025/03/04 22:12:21] cedar.utils.logger INFO: 一直
[2025/03/04 22:12:21] cedar.utils.logger INFO: 延伸
[2025/03/04 22:12:21] cedar.utils.logger INFO: 直到
[2025/03/04 22:12:21] cedar.utils.logger INFO: 达到
[2025/03/04 22:12:21] cedar.utils.logger INFO: 容器
[2025/03/04 22:12:21] cedar.utils.logger INFO: 的
[2025/03/04 22:12:21] cedar.utils.logger INFO: 边缘
[2025/03/04 22:12:21] cedar.utils.logger INFO: 。
[2025/03/04 22:12:22] cedar.utils.logger INFO: 不同的
[2025/03/04 22:12:22] cedar.utils.logger INFO: 编程
[2025/03/04 22:12:22] cedar.utils.logger INFO: 语言
[2025/03/04 22:12:22] cedar.utils.logger INFO: 和
[2025/03/04 22:12:22] cedar.utils.logger INFO: 框架
[2025/03/04 22:12:22] cedar.utils.logger INFO: 有不同的
[2025/03/04 22:12:22] cedar.utils.logger INFO: 方法
[2025/03/04 22:12:22] cedar.utils.logger INFO: 来
[2025/03/04 22:12:22] cedar.utils.logger INFO: 实现
[2025/03/04 22:12:22] cedar.utils.logger INFO: 这一
[2025/03/04 22:12:22] cedar.utils.logger INFO: 功能
[2025/03/04 22:12:22] cedar.utils.logger INFO: 。
[2025/03/04 22:12:22] cedar.utils.logger INFO: 以下是
[2025/03/04 22:12:22] cedar.utils.logger INFO: 一些
[2025/03/04 22:12:22] cedar.utils.logger INFO: 常见
[2025/03/04 22:12:22] cedar.utils.logger INFO: 环境中
[2025/03/04 22:12:22] cedar.utils.logger INFO: 如何
[2025/03/04 22:12:22] cedar.utils.logger INFO: 设置
[2025/03/04 22:12:22] cedar.utils.logger INFO:  No
[2025/03/04 22:12:22] cedar.utils.logger INFO: Wrap
[2025/03/04 22:12:22] cedar.utils.logger INFO:  的
[2025/03/04 22:12:22] cedar.utils.logger INFO: 示例
[2025/03/04 22:12:22] cedar.utils.logger INFO: ：


[2025/03/04 22:12:23] cedar.utils.logger INFO: 1
[2025/03/04 22:12:23] cedar.utils.logger INFO: .
[2025/03/04 22:12:23] cedar.utils.logger INFO:  **
[2025/03/04 22:12:23] cedar.utils.logger INFO: HTML
[2025/03/04 22:12:23] cedar.utils.logger INFO: /
[2025/03/04 22:12:23] cedar.utils.logger INFO: CSS
[2025/03/04 22:12:23] cedar.utils.logger INFO: **
[2025/03/04 22:12:23] cedar.utils.logger INFO: :

[2025/03/04 22:12:23] cedar.utils.logger INFO:    
[2025/03/04 22:12:23] cedar.utils.logger INFO: 在
[2025/03/04 22:12:23] cedar.utils.logger INFO:  HTML
[2025/03/04 22:12:23] cedar.utils.logger INFO:  中
[2025/03/04 22:12:23] cedar.utils.logger INFO: ，
[2025/03/04 22:12:23] cedar.utils.logger INFO: 可以通过
[2025/03/04 22:12:23] cedar.utils.logger INFO:  CSS
[2025/03/04 22:12:23] cedar.utils.logger INFO:  
[2025/03/04 22:12:23] cedar.utils.logger INFO: 来
[2025/03/04 22:12:23] cedar.utils.logger INFO: 控制
[2025/03/04 22:12:23] cedar.utils.logger INFO: 文本
[2025/03/04 22:12:23] cedar.utils.logger INFO: 的
[2025/03/04 22:12:23] cedar.utils.logger INFO: 换
[2025/03/04 22:12:23] cedar.utils.logger INFO: 行
[2025/03/04 22:12:23] cedar.utils.logger INFO: 行为
[2025/03/04 22:12:23] cedar.utils.logger INFO: 。
[2025/03/04 22:12:24] cedar.utils.logger INFO: 例如
[2025/03/04 22:12:24] cedar.utils.logger INFO: ，
[2025/03/04 22:12:24] cedar.utils.logger INFO: 可以
[2025/03/04 22:12:24] cedar.utils.logger INFO: 给
[2025/03/04 22:12:24] cedar.utils.logger INFO: 一个
[2025/03/04 22:12:24] cedar.utils.logger INFO: 元素
[2025/03/04 22:12:24] cedar.utils.logger INFO: 设置
[2025/03/04 22:12:24] cedar.utils.logger INFO:  `
[2025/03/04 22:12:24] cedar.utils.logger INFO: white
[2025/03/04 22:12:24] cedar.utils.logger INFO: -space
[2025/03/04 22:12:24] cedar.utils.logger INFO: `
[2025/03/04 22:12:24] cedar.utils.logger INFO:  
[2025/03/04 22:12:24] cedar.utils.logger INFO: 属性
[2025/03/04 22:12:24] cedar.utils.logger INFO: 为
[2025/03/04 22:12:24] cedar.utils.logger INFO:  `
[2025/03/04 22:12:24] cedar.utils.logger INFO: nowrap
[2025/03/04 22:12:24] cedar.utils.logger INFO: `
[2025/03/04 22:12:24] cedar.utils.logger INFO: ：

[2025/03/04 22:12:24] cedar.utils.logger INFO:   
[2025/03/04 22:12:24] cedar.utils.logger INFO:  ```
[2025/03/04 22:12:24] cedar.utils.logger INFO: css
[2025/03/04 22:12:24] cedar.utils.logger INFO: 

[2025/03/04 22:12:24] cedar.utils.logger INFO:    
[2025/03/04 22:12:24] cedar.utils.logger INFO: .no
[2025/03/04 22:12:24] cedar.utils.logger INFO: -wrap
[2025/03/04 22:12:24] cedar.utils.logger INFO:  {

[2025/03/04 22:12:24] cedar.utils.logger INFO:     
[2025/03/04 22:12:24] cedar.utils.logger INFO:  white
[2025/03/04 22:12:24] cedar.utils.logger INFO: -space
[2025/03/04 22:12:24] cedar.utils.logger INFO: :
[2025/03/04 22:12:24] cedar.utils.logger INFO:  nowrap
[2025/03/04 22:12:24] cedar.utils.logger INFO: ;

[2025/03/04 22:12:25] cedar.utils.logger INFO:   
[2025/03/04 22:12:25] cedar.utils.logger INFO:  }

[2025/03/04 22:12:25] cedar.utils.logger INFO:   
[2025/03/04 22:12:25] cedar.utils.logger INFO:  ```
[2025/03/04 22:12:25] cedar.utils.logger INFO: 


[2025/03/04 22:12:25] cedar.utils.logger INFO: 2
[2025/03/04 22:12:25] cedar.utils.logger INFO: .
[2025/03/04 22:12:25] cedar.utils.logger INFO:  **
[2025/03/04 22:12:25] cedar.utils.logger INFO: JavaScript
[2025/03/04 22:12:25] cedar.utils.logger INFO: **
[2025/03/04 22:12:25] cedar.utils.logger INFO: :

[2025/03/04 22:12:25] cedar.utils.logger INFO:    
[2025/03/04 22:12:25] cedar.utils.logger INFO: 如果你
[2025/03/04 22:12:25] cedar.utils.logger INFO: 在使用
[2025/03/04 22:12:25] cedar.utils.logger INFO:  JavaScript
[2025/03/04 22:12:25] cedar.utils.logger INFO: ，
[2025/03/04 22:12:25] cedar.utils.logger INFO: 可以直接
[2025/03/04 22:12:25] cedar.utils.logger INFO: 操作
[2025/03/04 22:12:25] cedar.utils.logger INFO:  DOM
[2025/03/04 22:12:25] cedar.utils.logger INFO:  
[2025/03/04 22:12:25] cedar.utils.logger INFO: 元素
[2025/03/04 22:12:25] cedar.utils.logger INFO: 的
[2025/03/04 22:12:25] cedar.utils.logger INFO: 样式
[2025/03/04 22:12:25] cedar.utils.logger INFO: 来
[2025/03/04 22:12:25] cedar.utils.logger INFO: 实现
[2025/03/04 22:12:25] cedar.utils.logger INFO: ：

[2025/03/04 22:12:26] cedar.utils.logger INFO:   
[2025/03/04 22:12:26] cedar.utils.logger INFO:  ```
[2025/03/04 22:12:26] cedar.utils.logger INFO: javascript
[2025/03/04 22:12:26] cedar.utils.logger INFO: 

[2025/03/04 22:12:26] cedar.utils.logger INFO:   
[2025/03/04 22:12:26] cedar.utils.logger INFO:  element
[2025/03/04 22:12:26] cedar.utils.logger INFO: .style
[2025/03/04 22:12:26] cedar.utils.logger INFO: .white
[2025/03/04 22:12:26] cedar.utils.logger INFO: Space
[2025/03/04 22:12:26] cedar.utils.logger INFO:  =
[2025/03/04 22:20:06] cedar.utils.logger WARNING: Initialize logger
[2025/03/04 22:20:06] cedar.utils.logger INFO: 启动快捷回答
[2025/03/04 22:20:06] cedar.utils.logger INFO: ['/Users/zhangsong/workspace/OpenSource/cedar-mac/pomodoro/test1.py']
[2025/03/04 22:20:07] cedar.utils.logger INFO: 监听已启动 (按 esc 退出)
[2025/03/04 22:20:10] cedar.utils.logger INFO: 检测到热键触发
[2025/03/04 22:20:11] cedar.utils.logger INFO: 用户输入: 设置温度为 0.5 以获得更可控的回答
[2025/03/04 22:20:12] cedar.utils.logger INFO: 好的
[2025/03/04 22:20:12] cedar.utils.logger INFO: ，
[2025/03/04 22:20:12] cedar.utils.logger INFO: 我
[2025/03/04 22:20:12] cedar.utils.logger INFO: 将
[2025/03/04 22:20:12] cedar.utils.logger INFO: 提供
[2025/03/04 22:20:12] cedar.utils.logger INFO: 简洁
[2025/03/04 22:20:12] cedar.utils.logger INFO: 且
[2025/03/04 22:20:12] cedar.utils.logger INFO: 直接
[2025/03/04 22:20:12] cedar.utils.logger INFO: 的回答
[2025/03/04 22:20:12] cedar.utils.logger INFO: 。
[2025/03/04 22:20:13] cedar.utils.logger INFO: 请问
[2025/03/04 22:20:13] cedar.utils.logger INFO: 您
[2025/03/04 22:20:13] cedar.utils.logger INFO: 有什么
[2025/03/04 22:20:13] cedar.utils.logger INFO: 问题
[2025/03/04 22:20:13] cedar.utils.logger INFO: 需要
[2025/03/04 22:20:13] cedar.utils.logger INFO: 我
[2025/03/04 22:20:13] cedar.utils.logger INFO: 帮助
[2025/03/04 22:20:13] cedar.utils.logger INFO: 解答
[2025/03/04 22:20:13] cedar.utils.logger INFO: ？
[2025/03/04 22:20:58] cedar.utils.logger WARNING: Initialize logger
[2025/03/04 22:20:58] cedar.utils.logger INFO: 启动快捷回答
[2025/03/04 22:20:58] cedar.utils.logger INFO: ['/Users/zhangsong/workspace/OpenSource/cedar-mac/pomodoro/test1.py']
[2025/03/04 22:23:53] cedar.utils.logger WARNING: Initialize logger
[2025/03/04 22:23:53] cedar.utils.logger INFO: 启动快捷回答
[2025/03/04 22:23:53] cedar.utils.logger INFO: ['/Users/zhangsong/workspace/OpenSource/cedar-mac/pomodoro/test1.py']
[2025/03/04 22:23:54] cedar.utils.logger INFO: 监听已启动 (按 esc 退出)
[2025/03/04 22:23:57] cedar.utils.logger INFO: 检测到热键触发
[2025/03/04 22:23:58] cedar.utils.logger INFO: 用户输入: # 创建一个容器，用于包含布局
[2025/03/04 22:23:59] cedar.utils.logger INFO: 创建
[2025/03/04 22:23:59] cedar.utils.logger INFO: 一个
[2025/03/04 22:23:59] cedar.utils.logger INFO: 容器
[2025/03/04 22:23:59] cedar.utils.logger INFO: 以
[2025/03/04 22:23:59] cedar.utils.logger INFO: 包含
[2025/03/04 22:23:59] cedar.utils.logger INFO: 布局
[2025/03/04 22:23:59] cedar.utils.logger INFO: ，
[2025/03/04 22:23:59] cedar.utils.logger INFO: 通常
[2025/03/04 22:23:59] cedar.utils.logger INFO: 是指
[2025/03/04 22:23:59] cedar.utils.logger INFO: 在
[2025/03/04 22:23:59] cedar.utils.logger INFO: 编程
[2025/03/04 22:23:59] cedar.utils.logger INFO: 和
[2025/03/04 22:23:59] cedar.utils.logger INFO: 网页
[2025/03/04 22:23:59] cedar.utils.logger INFO: 设计
[2025/03/04 22:23:59] cedar.utils.logger INFO: 中
[2025/03/04 22:23:59] cedar.utils.logger INFO: 使用
[2025/03/04 22:23:59] cedar.utils.logger INFO: 的一种
[2025/03/04 22:23:59] cedar.utils.logger INFO: 做法
[2025/03/04 22:23:59] cedar.utils.logger INFO: 。
[2025/03/04 22:23:59] cedar.utils.logger INFO: 以下是
[2025/03/04 22:23:59] cedar.utils.logger INFO: 一些
[2025/03/04 22:23:59] cedar.utils.logger INFO: 不同
[2025/03/04 22:23:59] cedar.utils.logger INFO: 上下
[2025/03/04 22:23:59] cedar.utils.logger INFO: 文中
[2025/03/04 22:23:59] cedar.utils.logger INFO: 的
[2025/03/04 22:23:59] cedar.utils.logger INFO: 解释
[2025/03/04 22:23:59] cedar.utils.logger INFO: ：


[2025/03/04 22:23:59] cedar.utils.logger INFO: 1
[2025/03/04 22:23:59] cedar.utils.logger INFO: .
[2025/03/04 22:23:59] cedar.utils.logger INFO:  **
[2025/03/04 22:23:59] cedar.utils.logger INFO: HTML
[2025/03/04 22:23:59] cedar.utils.logger INFO: /
[2025/03/04 22:23:59] cedar.utils.logger INFO: CSS
[2025/03/04 22:23:59] cedar.utils.logger INFO: **
[2025/03/04 22:23:59] cedar.utils.logger INFO: ：

[2025/03/04 22:23:59] cedar.utils.logger INFO:    
[2025/03/04 22:23:59] cedar.utils.logger INFO: 在
[2025/03/04 22:23:59] cedar.utils.logger INFO: HTML
[2025/03/04 22:23:59] cedar.utils.logger INFO: 中
[2025/03/04 22:23:59] cedar.utils.logger INFO: ，
[2025/03/04 22:23:59] cedar.utils.logger INFO: 你可以
[2025/03/04 22:23:59] cedar.utils.logger INFO: 使用
[2025/03/04 22:23:59] cedar.utils.logger INFO: `
[2025/03/04 22:23:59] cedar.utils.logger INFO: <div
[2025/03/04 22:23:59] cedar.utils.logger INFO: >
[2025/03/04 22:23:59] cedar.utils.logger INFO: `
[2025/03/04 22:23:59] cedar.utils.logger INFO: 标签
[2025/03/04 22:23:59] cedar.utils.logger INFO: 来
[2025/03/04 22:23:59] cedar.utils.logger INFO: 创建
[2025/03/04 22:23:59] cedar.utils.logger INFO: 一个
[2025/03/04 22:23:59] cedar.utils.logger INFO: 容器
[2025/03/04 22:23:59] cedar.utils.logger INFO: 。
[2025/03/04 22:24:00] cedar.utils.logger INFO: 然后
[2025/03/04 22:24:00] cedar.utils.logger INFO: ，
[2025/03/04 22:24:00] cedar.utils.logger INFO: 你可以
[2025/03/04 22:24:00] cedar.utils.logger INFO: 使用
[2025/03/04 22:24:00] cedar.utils.logger INFO: CSS
[2025/03/04 22:24:00] cedar.utils.logger INFO: 来
[2025/03/04 22:24:00] cedar.utils.logger INFO: 设置
[2025/03/04 22:24:00] cedar.utils.logger INFO: 该
[2025/03/04 22:24:00] cedar.utils.logger INFO: 容器
[2025/03/04 22:24:00] cedar.utils.logger INFO: 的
[2025/03/04 22:24:00] cedar.utils.logger INFO: 样式
[2025/03/04 22:24:00] cedar.utils.logger INFO: 和
[2025/03/04 22:24:00] cedar.utils.logger INFO: 布局
[2025/03/04 22:24:00] cedar.utils.logger INFO: 。
[2025/03/04 22:24:00] cedar.utils.logger INFO: 例如
[2025/03/04 22:24:00] cedar.utils.logger INFO: ：


[2025/03/04 22:24:00] cedar.utils.logger INFO:   
[2025/03/04 22:24:00] cedar.utils.logger INFO:  ```
[2025/03/04 22:24:00] cedar.utils.logger INFO: html
[2025/03/04 22:24:00] cedar.utils.logger INFO: 

[2025/03/04 22:24:00] cedar.utils.logger INFO:    
[2025/03/04 22:24:00] cedar.utils.logger INFO: <div
[2025/03/04 22:24:00] cedar.utils.logger INFO:  class
[2025/03/04 22:24:00] cedar.utils.logger INFO: ="
[2025/03/04 22:24:00] cedar.utils.logger INFO: container
[2025/03/04 22:24:00] cedar.utils.logger INFO: ">

[2025/03/04 22:24:00] cedar.utils.logger INFO:     
[2025/03/04 22:24:00] cedar.utils.logger INFO:  <!--
[2025/03/04 22:24:00] cedar.utils.logger INFO:  
[2025/03/04 22:24:00] cedar.utils.logger INFO: 布局
[2025/03/04 22:24:00] cedar.utils.logger INFO: 内容
[2025/03/04 22:24:00] cedar.utils.logger INFO:  -->

[2025/03/04 22:24:00] cedar.utils.logger INFO:    
[2025/03/04 22:24:00] cedar.utils.logger INFO: </
[2025/03/04 22:24:00] cedar.utils.logger INFO: div
[2025/03/04 22:24:00] cedar.utils.logger INFO: >

[2025/03/04 22:24:00] cedar.utils.logger INFO:   
[2025/03/04 22:24:00] cedar.utils.logger INFO:  ```
[2025/03/04 22:24:00] cedar.utils.logger INFO: 


[2025/03/04 22:24:00] cedar.utils.logger INFO:    
[2025/03/04 22:24:00] cedar.utils.logger INFO: 对应的
[2025/03/04 22:24:00] cedar.utils.logger INFO: CSS
[2025/03/04 22:24:00] cedar.utils.logger INFO: 可能
[2025/03/04 22:24:00] cedar.utils.logger INFO: 如下
[2025/03/04 22:24:00] cedar.utils.logger INFO: ：


[2025/03/04 22:24:00] cedar.utils.logger INFO:   
[2025/03/04 22:24:00] cedar.utils.logger INFO:  ```
[2025/03/04 22:24:00] cedar.utils.logger INFO: css
[2025/03/04 22:24:00] cedar.utils.logger INFO: 

[2025/03/04 22:24:00] cedar.utils.logger INFO:    
[2025/03/04 22:24:00] cedar.utils.logger INFO: .container
[2025/03/04 22:24:00] cedar.utils.logger INFO:  {

[2025/03/04 22:24:00] cedar.utils.logger INFO:     
[2025/03/04 22:24:00] cedar.utils.logger INFO:  width
[2025/03/04 22:24:00] cedar.utils.logger INFO: :
[2025/03/04 22:24:00] cedar.utils.logger INFO:  
[2025/03/04 22:24:01] cedar.utils.logger INFO: 80
[2025/03/04 22:24:01] cedar.utils.logger INFO: %
[2025/03/04 22:24:01] cedar.utils.logger INFO: ;

[2025/03/04 22:24:01] cedar.utils.logger INFO:     
[2025/03/04 22:24:01] cedar.utils.logger INFO:  margin
[2025/03/04 22:24:01] cedar.utils.logger INFO: :
[2025/03/04 22:24:01] cedar.utils.logger INFO:  auto
[2025/03/04 22:24:01] cedar.utils.logger INFO: ;

[2025/03/04 22:24:01] cedar.utils.logger INFO:     
[2025/03/04 22:24:01] cedar.utils.logger INFO:  padding
[2025/03/04 22:24:01] cedar.utils.logger INFO: :
[2025/03/04 22:24:01] cedar.utils.logger INFO:  
[2025/03/04 22:24:01] cedar.utils.logger INFO: 20
[2025/03/04 22:24:01] cedar.utils.logger INFO: px
[2025/03/04 22:24:01] cedar.utils.logger INFO: ;

[2025/03/04 22:24:01] cedar.utils.logger INFO:   
[2025/03/04 22:24:01] cedar.utils.logger INFO:  }

[2025/03/04 22:24:01] cedar.utils.logger INFO:   
[2025/03/04 22:24:01] cedar.utils.logger INFO:  ```
[2025/03/04 22:24:01] cedar.utils.logger INFO: 


[2025/03/04 22:24:01] cedar.utils.logger INFO: 2
[2025/03/04 22:24:01] cedar.utils.logger INFO: .
[2025/03/04 22:24:01] cedar.utils.logger INFO:  **
[2025/03/04 22:24:01] cedar.utils.logger INFO: JavaScript
[2025/03/04 22:24:01] cedar.utils.logger INFO: **
[2025/03/04 22:24:01] cedar.utils.logger INFO: ：

[2025/03/04 22:24:01] cedar.utils.logger INFO:    
[2025/03/04 22:24:01] cedar.utils.logger INFO: 在
[2025/03/04 22:24:01] cedar.utils.logger INFO: JavaScript
[2025/03/04 22:24:01] cedar.utils.logger INFO: 中
[2025/03/04 22:24:01] cedar.utils.logger INFO: ，
[2025/03/04 22:24:01] cedar.utils.logger INFO: 你可能
[2025/03/04 22:24:01] cedar.utils.logger INFO: 需要
[2025/03/04 22:24:01] cedar.utils.logger INFO: 创建
[2025/03/04 22:24:01] cedar.utils.logger INFO: 一个
[2025/03/04 22:24:01] cedar.utils.logger INFO: DOM
[2025/03/04 22:24:01] cedar.utils.logger INFO: 元素
[2025/03/04 22:24:01] cedar.utils.logger INFO: 来
[2025/03/04 22:24:01] cedar.utils.logger INFO: 作为
[2025/03/04 22:24:01] cedar.utils.logger INFO: 容器
[2025/03/04 22:24:01] cedar.utils.logger INFO: ，并
[2025/03/04 22:24:01] cedar.utils.logger INFO: 将其
[2025/03/04 22:24:01] cedar.utils.logger INFO: 添加
[2025/03/04 22:24:01] cedar.utils.logger INFO: 到
[2025/03/04 22:24:01] cedar.utils.logger INFO: 页面
[2025/03/04 22:24:01] cedar.utils.logger INFO: 中
[2025/03/04 22:24:01] cedar.utils.logger INFO: 。
[2025/03/04 22:24:01] cedar.utils.logger INFO: 例如
[2025/03/04 22:24:01] cedar.utils.logger INFO: ：


[2025/03/04 22:24:01] cedar.utils.logger INFO:   
[2025/03/04 22:24:01] cedar.utils.logger INFO:  ```
[2025/03/04 22:24:02] cedar.utils.logger INFO: javascript
[2025/03/04 22:24:02] cedar.utils.logger INFO: 

[2025/03/04 22:24:02] cedar.utils.logger INFO:   
[2025/03/04 22:24:02] cedar.utils.logger INFO:  var
[2025/03/04 22:24:02] cedar.utils.logger INFO:  container
[2025/03/04 22:24:02] cedar.utils.logger INFO:  =
[2025/03/04 22:24:02] cedar.utils.logger INFO:  document
[2025/03/04 22:24:02] cedar.utils.logger INFO: .createElement
[2025/03/04 22:24:02] cedar.utils.logger INFO: ('
[2025/03/04 22:24:02] cedar.utils.logger INFO: div
[2025/03/04 22:24:02] cedar.utils.logger INFO: ');

[2025/03/04 22:24:02] cedar.utils.logger INFO:    
[2025/03/04 22:24:02] cedar.utils.logger INFO: container
[2025/03/04 22:24:02] cedar.utils.logger INFO: .className
[2025/03/04 22:24:02] cedar.utils.logger INFO:  =
[2025/03/04 22:24:02] cedar.utils.logger INFO:  '
[2025/03/04 22:24:02] cedar.utils.logger INFO: container
[2025/03/04 22:24:02] cedar.utils.logger INFO: ';

[2025/03/04 22:24:02] cedar.utils.logger INFO:    
[2025/03/04 22:24:02] cedar.utils.logger INFO: //
[2025/03/04 22:24:02] cedar.utils.logger INFO:  添加
[2025/03/04 22:24:02] cedar.utils.logger INFO: 到
[2025/03/04 22:24:02] cedar.utils.logger INFO: body
[2025/03/04 22:24:02] cedar.utils.logger INFO: 或其他
[2025/03/04 22:24:02] cedar.utils.logger INFO: 元素
[2025/03/04 22:24:02] cedar.utils.logger INFO: 中
[2025/03/04 22:24:02] cedar.utils.logger INFO: 

[2025/03/04 22:24:02] cedar.utils.logger INFO:   
[2025/03/04 22:24:02] cedar.utils.logger INFO:  document
[2025/03/04 22:24:02] cedar.utils.logger INFO: .body
[2025/03/04 22:24:02] cedar.utils.logger INFO: .appendChild
[2025/03/04 22:24:02] cedar.utils.logger INFO: (container
[2025/03/04 22:24:02] cedar.utils.logger INFO: );

[2025/03/04 22:24:02] cedar.utils.logger INFO:   
[2025/03/04 22:24:02] cedar.utils.logger INFO:  ```
[2025/03/04 22:24:02] cedar.utils.logger INFO: 


[2025/03/04 22:24:02] cedar.utils.logger INFO: 3
[2025/03/04 22:24:02] cedar.utils.logger INFO: .
[2025/03/04 22:24:02] cedar.utils.logger INFO:  **
[2025/03/04 22:24:02] cedar.utils.logger INFO: 编程
[2025/03/04 22:24:02] cedar.utils.logger INFO: 语言
[2025/03/04 22:24:02] cedar.utils.logger INFO: 中的
[2025/03/04 22:24:02] cedar.utils.logger INFO: 布局
[2025/03/04 22:24:02] cedar.utils.logger INFO: 容器
[2025/03/04 22:24:02] cedar.utils.logger INFO: **
[2025/03/04 22:24:02] cedar.utils.logger INFO: ：

[2025/03/04 22:24:02] cedar.utils.logger INFO:    
[2025/03/04 22:24:02] cedar.utils.logger INFO: 在
[2025/03/04 22:24:02] cedar.utils.logger INFO: 许多
[2025/03/04 22:24:02] cedar.utils.logger INFO: 编程
[2025/03/04 22:24:02] cedar.utils.logger INFO: 语言
[2025/03/04 22:24:02] cedar.utils.logger INFO: 中
[2025/03/04 22:24:02] cedar.utils.logger INFO: ，
[2025/03/04 22:24:02] cedar.utils.logger INFO: 如
[2025/03/04 22:24:02] cedar.utils.logger INFO: Java
[2025/03/04 22:24:02] cedar.utils.logger INFO: 、
[2025/03/04 22:24:02] cedar.utils.logger INFO: C
[2025/03/04 22:24:02] cedar.utils.logger INFO: #
[2025/03/04 22:24:02] cedar.utils.logger INFO: 等
[2025/03/04 22:24:02] cedar.utils.logger INFO: ，
[2025/03/04 22:24:03] cedar.utils.logger INFO: 都有
[2025/03/04 22:24:03] cedar.utils.logger INFO: 布局
[2025/03/04 22:24:03] cedar.utils.logger INFO: 管理
[2025/03/04 22:24:03] cedar.utils.logger INFO: 器
[2025/03/04 22:24:03] cedar.utils.logger INFO: 的概念
[2025/03/04 22:24:03] cedar.utils.logger INFO: 。
[2025/03/04 22:24:03] cedar.utils.logger INFO: 例如
[2025/03/04 22:24:03] cedar.utils.logger INFO: ，在
[2025/03/04 22:24:03] cedar.utils.logger INFO: Java
[2025/03/04 22:24:03] cedar.utils.logger INFO:  Swing
[2025/03/04 22:24:03] cedar.utils.logger INFO: 中
[2025/03/04 22:24:03] cedar.utils.logger INFO: ，
[2025/03/04 22:24:03] cedar.utils.logger INFO: 你可以
[2025/03/04 22:24:03] cedar.utils.logger INFO: 使用
[2025/03/04 22:24:03] cedar.utils.logger INFO: `
[2025/03/04 22:24:03] cedar.utils.logger INFO: J
[2025/03/04 22:24:03] cedar.utils.logger INFO: Panel
[2025/03/04 22:24:03] cedar.utils.logger INFO: `
[2025/03/04 22:24:03] cedar.utils.logger INFO: 作为
[2025/03/04 22:24:03] cedar.utils.logger INFO: 容器
[2025/03/04 22:24:03] cedar.utils.logger INFO: ，并
[2025/03/04 22:24:03] cedar.utils.logger INFO: 设置
[2025/03/04 22:24:03] cedar.utils.logger INFO: 布局
[2025/03/04 22:24:03] cedar.utils.logger INFO: 管理
[2025/03/04 22:24:03] cedar.utils.logger INFO: 器
[2025/03/04 22:24:03] cedar.utils.logger INFO: ：


[2025/03/04 22:24:03] cedar.utils.logger INFO:   
[2025/03/04 22:24:03] cedar.utils.logger INFO:  ```
[2025/03/04 22:24:03] cedar.utils.logger INFO: java
[2025/03/04 22:24:03] cedar.utils.logger INFO: 

[2025/03/04 22:24:03] cedar.utils.logger INFO:   
[2025/03/04 22:24:03] cedar.utils.logger INFO:  JPanel
[2025/03/04 22:24:03] cedar.utils.logger INFO:  container
[2025/03/04 22:24:03] cedar.utils.logger INFO:  =
[2025/03/04 22:24:03] cedar.utils.logger INFO:  new
[2025/03/04 22:24:03] cedar.utils.logger INFO:  JPanel
[2025/03/04 22:24:03] cedar.utils.logger INFO: ();

[2025/03/04 22:24:03] cedar.utils.logger INFO:    
[2025/03/04 22:24:03] cedar.utils.logger INFO: container
[2025/03/04 22:24:03] cedar.utils.logger INFO: .setLayout
[2025/03/04 22:24:03] cedar.utils.logger INFO: (new
[2025/03/04 22:24:03] cedar.utils.logger INFO:  BorderLayout
[2025/03/04 22:24:03] cedar.utils.logger INFO: ());

[2025/03/04 22:24:03] cedar.utils.logger INFO:    
[2025/03/04 22:24:03] cedar.utils.logger INFO: //
[2025/03/04 22:24:03] cedar.utils.logger INFO:  添加
[2025/03/04 22:24:03] cedar.utils.logger INFO: 组件
[2025/03/04 22:24:03] cedar.utils.logger INFO: 到
[2025/03/04 22:24:03] cedar.utils.logger INFO: 容器
[2025/03/04 22:24:03] cedar.utils.logger INFO: 

[2025/03/04 22:24:03] cedar.utils.logger INFO:    
[2025/03/04 22:24:04] cedar.utils.logger INFO: container
[2025/03/04 22:24:04] cedar.utils.logger INFO: .add
[2025/03/04 22:24:04] cedar.utils.logger INFO: (component
[2025/03/04 22:24:04] cedar.utils.logger INFO: ,
[2025/03/04 22:24:04] cedar.utils.logger INFO:  BorderLayout
[2025/03/04 22:24:04] cedar.utils.logger INFO: .CENTER
[2025/03/04 22:24:04] cedar.utils.logger INFO: );

[2025/03/04 22:24:04] cedar.utils.logger INFO:   
[2025/03/04 22:24:04] cedar.utils.logger INFO:  ```
[2025/03/04 22:24:04] cedar.utils.logger INFO: 


[2025/03/04 22:24:04] cedar.utils.logger INFO: 请
[2025/03/04 22:24:04] cedar.utils.logger INFO: 根据
[2025/03/04 22:24:04] cedar.utils.logger INFO: 你的
[2025/03/04 22:24:04] cedar.utils.logger INFO: 具体
[2025/03/04 22:24:04] cedar.utils.logger INFO: 需求
[2025/03/04 22:24:04] cedar.utils.logger INFO: 和
[2025/03/04 22:24:04] cedar.utils.logger INFO: 所使用的
[2025/03/04 22:24:04] cedar.utils.logger INFO: 技术
[2025/03/04 22:24:04] cedar.utils.logger INFO: 栈
[2025/03/04 22:24:04] cedar.utils.logger INFO: 选择合适的
[2025/03/04 22:24:04] cedar.utils.logger INFO: 方法
[2025/03/04 22:24:04] cedar.utils.logger INFO: 来
[2025/03/04 22:24:04] cedar.utils.logger INFO: 创建
[2025/03/04 22:24:04] cedar.utils.logger INFO: 布局
[2025/03/04 22:24:04] cedar.utils.logger INFO: 容器
[2025/03/04 22:24:04] cedar.utils.logger INFO: 。
[2025/03/04 22:27:03] cedar.utils.logger WARNING: Initialize logger
[2025/03/04 22:27:03] cedar.utils.logger INFO: 启动快捷回答
[2025/03/04 22:27:03] cedar.utils.logger INFO: ['/Users/zhangsong/workspace/OpenSource/cedar-mac/pomodoro/chat.py']
[2025/03/04 22:27:03] cedar.utils.logger INFO: 监听已启动 (按 esc 退出)
[2025/03/04 22:27:08] cedar.utils.logger INFO: 检测到热键触发
[2025/03/04 22:27:09] cedar.utils.logger INFO: 用户输入: 启动快捷回答
[2025/03/04 22:27:10] cedar.utils.logger INFO: 好的
[2025/03/04 22:27:10] cedar.utils.logger INFO: ，
[2025/03/04 22:27:10] cedar.utils.logger INFO: 请问
[2025/03/04 22:27:10] cedar.utils.logger INFO: 您
[2025/03/04 22:27:10] cedar.utils.logger INFO: 有什么
[2025/03/04 22:27:10] cedar.utils.logger INFO: 问题
[2025/03/04 22:27:10] cedar.utils.logger INFO: 需要
[2025/03/04 22:27:10] cedar.utils.logger INFO: 我
[2025/03/04 22:27:10] cedar.utils.logger INFO: 帮助
[2025/03/04 22:27:10] cedar.utils.logger INFO: 解答
[2025/03/04 22:27:10] cedar.utils.logger INFO: ？
